C:\USERS\DAISUKE\DOCUMENTS\VISUAL STUDIO 2012\PROJECTS\YOGAHACK\YOGAHACK\RELEASE\STDAFX.OBJ
C:\USERS\DAISUKE\DOCUMENTS\VISUAL STUDIO 2012\PROJECTS\YOGAHACK\YOGAHACK\RELEASE\MAIN.OBJ
C:\USERS\DAISUKE\DOCUMENTS\VISUAL STUDIO 2012\PROJECTS\YOGAHACK\YOGAHACK\RELEASE\VC110.PDB
C:\USERS\DAISUKE\DOCUMENTS\VISUAL STUDIO 2012\PROJECTS\YOGAHACK\RELEASE\YOGAHACK.EXE
C:\USERS\DAISUKE\DOCUMENTS\VISUAL STUDIO 2012\PROJECTS\YOGAHACK\RELEASE\YOGAHACK.PDB
C:\Users\Daisuke\Documents\Visual Studio 2012\Projects\YogaHack\YogaHack\Release\main.obj
C:\Users\Daisuke\Documents\Visual Studio 2012\Projects\YogaHack\YogaHack\Release\stdafx.obj
C:\Users\Daisuke\Documents\Visual Studio 2012\Projects\YogaHack\YogaHack\Release\cl.command.1.tlog
C:\Users\Daisuke\Documents\Visual Studio 2012\Projects\YogaHack\YogaHack\Release\CL.read.1.tlog
C:\Users\Daisuke\Documents\Visual Studio 2012\Projects\YogaHack\YogaHack\Release\CL.write.1.tlog
C:\Users\Daisuke\Documents\Visual Studio 2012\Projects\YogaHack\YogaHack\Release\link-cvtres.read.1.tlog
C:\Users\Daisuke\Documents\Visual Studio 2012\Projects\YogaHack\YogaHack\Release\link-cvtres.write.1.tlog
C:\Users\Daisuke\Documents\Visual Studio 2012\Projects\YogaHack\YogaHack\Release\link-rc.read.1.tlog
C:\Users\Daisuke\Documents\Visual Studio 2012\Projects\YogaHack\YogaHack\Release\link-rc.write.1.tlog
C:\Users\Daisuke\Documents\Visual Studio 2012\Projects\YogaHack\YogaHack\Release\link.command.1.tlog
C:\Users\Daisuke\Documents\Visual Studio 2012\Projects\YogaHack\YogaHack\Release\link.read.1.tlog
C:\Users\Daisuke\Documents\Visual Studio 2012\Projects\YogaHack\YogaHack\Release\link.write.1.tlog
C:\Users\Daisuke\Documents\Visual Studio 2012\Projects\YogaHack\YogaHack\Release\vc110.pdb
C:\Users\Daisuke\Documents\Visual Studio 2012\Projects\YogaHack\Release\YogaHack.pdb
C:\Users\Daisuke\Documents\Visual Studio 2012\Projects\YogaHack\Release\YogaHack.exe
